<?xml version="1.0" encoding="UTF-8"?>
<testng-results ignored="0" total="1" passed="1" failed="0" skipped="0">
  <reporter-output>
  </reporter-output>
  <suite started-at="2023-12-28T14:32:10 IST" name="Suite" finished-at="2023-12-28T14:32:26 IST" duration-ms="16213">
    <groups>
    </groups>
    <test started-at="2023-12-28T14:32:10 IST" name="Test" finished-at="2023-12-28T14:32:26 IST" duration-ms="16213">
      <class name="tnp.qa.tests.RegistrationTest">
        <test-method is-config="true" signature="setUp()[pri:0, instance:tnp.qa.tests.RegistrationTest@350aac89]" started-at="2023-12-28T14:32:10 IST" name="setUp" finished-at="2023-12-28T14:32:19 IST" duration-ms="8990" status="PASS">
          <reporter-output>
          </reporter-output>
        </test-method> <!-- setUp -->
        <test-method signature="verifyAccountRegistrationWithMandatoryFields()[pri:0, instance:tnp.qa.tests.RegistrationTest@350aac89]" started-at="2023-12-28T14:32:19 IST" name="verifyAccountRegistrationWithMandatoryFields" finished-at="2023-12-28T14:32:25 IST" duration-ms="5336" status="PASS">
          <reporter-output>
          </reporter-output>
        </test-method> <!-- verifyAccountRegistrationWithMandatoryFields -->
        <test-method is-config="true" signature="tearDown()[pri:0, instance:tnp.qa.tests.RegistrationTest@350aac89]" started-at="2023-12-28T14:32:25 IST" name="tearDown" finished-at="2023-12-28T14:32:26 IST" duration-ms="1591" status="PASS">
          <reporter-output>
          </reporter-output>
        </test-method> <!-- tearDown -->
      </class> <!-- tnp.qa.tests.RegistrationTest -->
    </test> <!-- Test -->
  </suite> <!-- Suite -->
</testng-results>
